0 info it worked if it ends with ok
1 verbose cli [ '/usr/bin/node', '/usr/bin/npm', 'install', '-g', 'bower' ]
2 info using npm@1.2.21
3 info using node@v0.10.7
4 verbose read json /usr/lib/package.json
5 verbose read json /usr/lib/package.json
6 verbose cache add [ 'bower', null ]
7 verbose cache add name=undefined spec="bower" args=["bower",null]
8 verbose parsed url { protocol: null,
8 verbose parsed url   slashes: null,
8 verbose parsed url   auth: null,
8 verbose parsed url   host: null,
8 verbose parsed url   port: null,
8 verbose parsed url   hostname: null,
8 verbose parsed url   hash: null,
8 verbose parsed url   search: null,
8 verbose parsed url   query: null,
8 verbose parsed url   pathname: 'bower',
8 verbose parsed url   path: 'bower',
8 verbose parsed url   href: 'bower' }
9 silly lockFile 206e3ce5-bower bower
10 verbose lock bower /home/kozo/.npm/206e3ce5-bower.lock
11 silly lockFile 206e3ce5-bower bower
12 silly lockFile 206e3ce5-bower bower
13 verbose addNamed [ 'bower', '' ]
14 verbose addNamed [ null, '' ]
15 silly lockFile 1240aab1-bower bower@
16 verbose lock bower@ /home/kozo/.npm/1240aab1-bower.lock
17 silly addNameRange { name: 'bower', range: '', hasData: false }
18 verbose url raw bower
19 verbose url resolving [ 'https://registry.npmjs.org/', './bower' ]
20 verbose url resolved https://registry.npmjs.org/bower
21 info trying registry request attempt 1 at 18:06:13
22 verbose etag "7GQTJOJ3A6GLXVLJDPIIHD9SD"
23 http GET https://registry.npmjs.org/bower
24 http 304 https://registry.npmjs.org/bower
25 silly registry.get cb [ 304,
25 silly registry.get   { server: 'CouchDB/1.3.0 (Erlang OTP/R15B03)',
25 silly registry.get     etag: '"7GQTJOJ3A6GLXVLJDPIIHD9SD"',
25 silly registry.get     date: 'Sun, 11 Aug 2013 16:06:14 GMT',
25 silly registry.get     'content-length': '0' } ]
26 verbose etag bower from cache
27 silly addNameRange number 2 { name: 'bower', range: '', hasData: true }
28 silly addNameRange versions [ 'bower',
28 silly addNameRange   [ '0.1.0',
28 silly addNameRange     '0.1.2',
28 silly addNameRange     '0.1.3',
28 silly addNameRange     '0.2.0',
28 silly addNameRange     '0.3.0',
28 silly addNameRange     '0.3.1',
28 silly addNameRange     '0.3.2',
28 silly addNameRange     '0.4.0',
28 silly addNameRange     '0.5.0',
28 silly addNameRange     '0.5.1',
28 silly addNameRange     '0.6.0',
28 silly addNameRange     '0.6.1',
28 silly addNameRange     '0.6.2',
28 silly addNameRange     '0.6.3',
28 silly addNameRange     '0.6.4',
28 silly addNameRange     '0.6.5',
28 silly addNameRange     '0.6.6',
28 silly addNameRange     '0.6.7',
28 silly addNameRange     '0.6.8',
28 silly addNameRange     '0.7.0',
28 silly addNameRange     '0.7.1',
28 silly addNameRange     '0.8.0',
28 silly addNameRange     '0.8.1',
28 silly addNameRange     '0.8.2',
28 silly addNameRange     '0.8.3',
28 silly addNameRange     '0.8.4',
28 silly addNameRange     '0.8.5',
28 silly addNameRange     '0.8.6',
28 silly addNameRange     '0.9.0',
28 silly addNameRange     '0.9.1',
28 silly addNameRange     '0.9.2',
28 silly addNameRange     '0.10.0',
28 silly addNameRange     '1.0.0',
28 silly addNameRange     '1.0.1',
28 silly addNameRange     '1.0.2',
28 silly addNameRange     '1.0.3',
28 silly addNameRange     '1.1.0',
28 silly addNameRange     '1.1.1',
28 silly addNameRange     '1.1.2' ] ]
29 verbose addNamed [ 'bower', '1.1.2' ]
30 verbose addNamed [ '1.1.2', '1.1.2' ]
31 silly lockFile f2a29664-bower-1-1-2 bower@1.1.2
32 verbose lock bower@1.1.2 /home/kozo/.npm/f2a29664-bower-1-1-2.lock
33 silly lockFile fa2f5560--npmjs-org-bower-bower-1-1-2-tgz https://registry.npmjs.org/bower/-/bower-1.1.2.tgz
34 verbose lock https://registry.npmjs.org/bower/-/bower-1.1.2.tgz /home/kozo/.npm/fa2f5560--npmjs-org-bower-bower-1-1-2-tgz.lock
35 verbose addRemoteTarball [ 'https://registry.npmjs.org/bower/-/bower-1.1.2.tgz',
35 verbose addRemoteTarball   '89c8d5c75b8359e06fc6a6e3cf4105c3bd6946a1' ]
36 info retry fetch attempt 1 at 18:06:14
37 verbose fetch to= /home/kozo/tmp/npm-25953/1376237174769-0.5892029053065926/tmp.tgz
38 http GET https://registry.npmjs.org/bower/-/bower-1.1.2.tgz
39 http 200 https://registry.npmjs.org/bower/-/bower-1.1.2.tgz
40 verbose tar unpack /home/kozo/tmp/npm-25953/1376237174769-0.5892029053065926/tmp.tgz
41 silly lockFile 55c52fda-74769-0-5892029053065926-package /home/kozo/tmp/npm-25953/1376237174769-0.5892029053065926/package
42 verbose lock /home/kozo/tmp/npm-25953/1376237174769-0.5892029053065926/package /home/kozo/.npm/55c52fda-74769-0-5892029053065926-package.lock
43 silly lockFile b9a94d74-74769-0-5892029053065926-tmp-tgz /home/kozo/tmp/npm-25953/1376237174769-0.5892029053065926/tmp.tgz
44 verbose lock /home/kozo/tmp/npm-25953/1376237174769-0.5892029053065926/tmp.tgz /home/kozo/.npm/b9a94d74-74769-0-5892029053065926-tmp-tgz.lock
45 silly gunzTarPerm modes [ '755', '644' ]
46 silly gunzTarPerm extractEntry package.json
47 silly gunzTarPerm extractEntry .npmignore
48 silly gunzTarPerm extractEntry README.md
49 silly gunzTarPerm extractEntry LICENSE
50 silly gunzTarPerm extractEntry Gruntfile.js
51 silly gunzTarPerm extractEntry CONTRIBUTING.md
52 silly gunzTarPerm extractEntry .editorconfig
53 silly gunzTarPerm extractEntry .jshintrc
54 silly gunzTarPerm extractEntry .travis.yml
55 silly gunzTarPerm extractEntry bin/bower
56 silly gunzTarPerm extractEntry lib/config.js
57 silly gunzTarPerm extractEntry lib/index.js
58 silly gunzTarPerm extractEntry lib/commands/update.js
59 silly gunzTarPerm extractEntry lib/commands/index.js
60 silly gunzTarPerm extractEntry lib/commands/info.js
61 silly gunzTarPerm extractEntry lib/commands/init.js
62 silly gunzTarPerm extractEntry lib/commands/install.js
63 silly gunzTarPerm extractEntry lib/commands/home.js
64 silly gunzTarPerm extractEntry lib/commands/list.js
65 silly gunzTarPerm extractEntry lib/commands/lookup.js
66 silly gunzTarPerm extractEntry lib/commands/prune.js
67 silly gunzTarPerm extractEntry lib/commands/register.js
68 silly gunzTarPerm extractEntry lib/commands/search.js
69 silly gunzTarPerm extractEntry lib/commands/help.js
70 silly gunzTarPerm extractEntry lib/commands/uninstall.js
71 silly gunzTarPerm extractEntry lib/commands/completion.js
72 silly gunzTarPerm extractEntry lib/commands/link.js
73 silly gunzTarPerm extractEntry lib/commands/cache/clean.js
74 silly gunzTarPerm extractEntry lib/commands/cache/index.js
75 silly gunzTarPerm extractEntry lib/commands/cache/list.js
76 silly gunzTarPerm extractEntry lib/core/Manager.js
77 silly gunzTarPerm extractEntry lib/core/PackageRepository.js
78 silly gunzTarPerm extractEntry lib/core/Project.js
79 silly gunzTarPerm extractEntry lib/core/ResolveCache.js
80 silly gunzTarPerm extractEntry lib/core/resolverFactory.js
81 silly gunzTarPerm extractEntry lib/core/resolvers/FsResolver.js
82 silly gunzTarPerm extractEntry lib/core/resolvers/GitFsResolver.js
83 silly gunzTarPerm extractEntry lib/core/resolvers/GitHubResolver.js
84 silly gunzTarPerm extractEntry lib/core/resolvers/GitRemoteResolver.js
85 silly gunzTarPerm extractEntry lib/core/resolvers/GitResolver.js
86 silly gunzTarPerm extractEntry lib/core/resolvers/Resolver.js
87 silly gunzTarPerm extractEntry lib/core/resolvers/UrlResolver.js
88 silly gunzTarPerm extractEntry lib/core/resolvers/index.js
89 silly gunzTarPerm extractEntry lib/renderers/JsonRenderer.js
90 silly gunzTarPerm extractEntry lib/renderers/StandardRenderer.js
91 silly gunzTarPerm extractEntry lib/renderers/index.js
92 silly gunzTarPerm extractEntry lib/util/cli.js
93 silly gunzTarPerm extractEntry lib/util/copy.js
94 silly gunzTarPerm extractEntry lib/util/createError.js
95 silly gunzTarPerm extractEntry lib/util/download.js
96 silly gunzTarPerm extractEntry lib/util/extract.js
97 silly gunzTarPerm extractEntry lib/util/cmd.js
98 silly gunzTarPerm extractEntry lib/util/readJson.js
99 silly gunzTarPerm extractEntry lib/util/removeIgnores.js
100 silly gunzTarPerm extractEntry lib/util/rootCheck.js
101 silly gunzTarPerm extractEntry lib/util/template.js
102 silly gunzTarPerm extractEntry lib/util/validLink.js
103 silly gunzTarPerm extractEntry lib/util/md5.js
104 silly gunzTarPerm extractEntry CHANGELOG.md
105 silly gunzTarPerm extractEntry templates/helpers/colors.js
106 silly gunzTarPerm extractEntry templates/helpers/condense.js
107 silly gunzTarPerm extractEntry templates/helpers/indent.js
108 silly gunzTarPerm extractEntry templates/helpers/index.js
109 silly gunzTarPerm extractEntry templates/helpers/rpad.js
110 silly gunzTarPerm extractEntry templates/helpers/sum.js
111 silly gunzTarPerm extractEntry templates/json/help-list.json
112 silly gunzTarPerm extractEntry templates/json/help-cache/clean.json
113 silly gunzTarPerm extractEntry templates/json/help-cache/list.json
114 silly gunzTarPerm extractEntry templates/json/help-home.json
115 silly gunzTarPerm extractEntry templates/json/help-info.json
116 silly gunzTarPerm extractEntry templates/json/help-init.json
117 silly gunzTarPerm extractEntry templates/json/help-install.json
118 silly gunzTarPerm extractEntry templates/json/help-link.json
119 silly gunzTarPerm extractEntry templates/json/help-cache.json
120 silly gunzTarPerm extractEntry templates/json/help-lookup.json
121 silly gunzTarPerm extractEntry templates/json/help-prune.json
122 silly gunzTarPerm extractEntry templates/json/help-register.json
123 silly gunzTarPerm extractEntry templates/json/help-search.json
124 silly gunzTarPerm extractEntry templates/json/help-uninstall.json
125 silly gunzTarPerm extractEntry templates/json/help-update.json
126 silly gunzTarPerm extractEntry templates/json/help.json
127 silly gunzTarPerm extractEntry templates/std/conflict-resolved.std
128 silly gunzTarPerm extractEntry templates/std/conflict.std
129 silly gunzTarPerm extractEntry templates/std/help-cache.std
130 silly gunzTarPerm extractEntry templates/std/help-generic.std
131 silly gunzTarPerm extractEntry templates/std/help.std
132 silly gunzTarPerm extractEntry templates/std/info.std
133 silly gunzTarPerm extractEntry templates/std/lookup.std
134 silly gunzTarPerm extractEntry templates/std/register.std
135 silly gunzTarPerm extractEntry templates/std/search-results.std
136 silly gunzTarPerm extractEntry templates/std/update-notice.std
137 silly gunzTarPerm extractEntry test/packages.js
138 silly gunzTarPerm extractEntry test/test.js
139 silly gunzTarPerm extractEntry test/assets/package-tar.tar.gz
140 silly gunzTarPerm extractEntry test/assets/package-zip-folder-single-file.zip
141 silly gunzTarPerm extractEntry test/assets/package-zip-folder.zip
142 silly gunzTarPerm extractEntry test/assets/package-zip-single-bower-json.zip
143 silly gunzTarPerm extractEntry test/assets/package-zip-single-component-json.zip
144 silly gunzTarPerm extractEntry test/assets/package-zip-single-file.zip
145 silly gunzTarPerm extractEntry test/assets/package-zip.zip
146 silly gunzTarPerm extractEntry test/assets/resolve-cache/list-json-1.json
147 silly gunzTarPerm extractEntry test/assets/test-temp-dir/test-exception.js
148 silly gunzTarPerm extractEntry test/assets/test-temp-dir/test.js
149 silly gunzTarPerm extractEntry test/core/packageRepository.js
150 silly gunzTarPerm extractEntry test/core/resolveCache.js
151 silly gunzTarPerm extractEntry test/core/resolverFactory.js
152 silly gunzTarPerm extractEntry test/core/resolvers/fsResolver.js
153 silly gunzTarPerm extractEntry test/core/resolvers/gitFsResolver.js
154 silly gunzTarPerm extractEntry test/core/resolvers/gitHubResolver.js
155 silly gunzTarPerm extractEntry test/core/resolvers/gitRemoteResolver.js
156 silly gunzTarPerm extractEntry test/core/resolvers/gitResolver.js
157 silly gunzTarPerm extractEntry test/core/resolvers/resolver.js
158 silly gunzTarPerm extractEntry test/core/resolvers/urlResolver.js
159 silly gunzTarPerm extractEntry test/packages.json
160 verbose read json /home/kozo/tmp/npm-25953/1376237174769-0.5892029053065926/package/package.json
161 silly lockFile 55c52fda-74769-0-5892029053065926-package /home/kozo/tmp/npm-25953/1376237174769-0.5892029053065926/package
162 silly lockFile 55c52fda-74769-0-5892029053065926-package /home/kozo/tmp/npm-25953/1376237174769-0.5892029053065926/package
163 silly lockFile b9a94d74-74769-0-5892029053065926-tmp-tgz /home/kozo/tmp/npm-25953/1376237174769-0.5892029053065926/tmp.tgz
164 silly lockFile b9a94d74-74769-0-5892029053065926-tmp-tgz /home/kozo/tmp/npm-25953/1376237174769-0.5892029053065926/tmp.tgz
165 verbose from cache /home/kozo/tmp/npm-25953/1376237174769-0.5892029053065926/package/package.json
166 verbose tar pack [ '/home/kozo/.npm/bower/1.1.2/package.tgz',
166 verbose tar pack   '/home/kozo/tmp/npm-25953/1376237174769-0.5892029053065926/package' ]
167 verbose tarball /home/kozo/.npm/bower/1.1.2/package.tgz
168 verbose folder /home/kozo/tmp/npm-25953/1376237174769-0.5892029053065926/package
169 silly lockFile 55c52fda-74769-0-5892029053065926-package /home/kozo/tmp/npm-25953/1376237174769-0.5892029053065926/package
170 verbose lock /home/kozo/tmp/npm-25953/1376237174769-0.5892029053065926/package /home/kozo/.npm/55c52fda-74769-0-5892029053065926-package.lock
171 silly lockFile c7f6d6ed-kozo-npm-bower-1-1-2-package-tgz /home/kozo/.npm/bower/1.1.2/package.tgz
172 verbose lock /home/kozo/.npm/bower/1.1.2/package.tgz /home/kozo/.npm/c7f6d6ed-kozo-npm-bower-1-1-2-package-tgz.lock
173 silly lockFile 55c52fda-74769-0-5892029053065926-package /home/kozo/tmp/npm-25953/1376237174769-0.5892029053065926/package
174 silly lockFile 55c52fda-74769-0-5892029053065926-package /home/kozo/tmp/npm-25953/1376237174769-0.5892029053065926/package
175 silly lockFile c7f6d6ed-kozo-npm-bower-1-1-2-package-tgz /home/kozo/.npm/bower/1.1.2/package.tgz
176 silly lockFile c7f6d6ed-kozo-npm-bower-1-1-2-package-tgz /home/kozo/.npm/bower/1.1.2/package.tgz
177 silly lockFile c5783d46-ome-kozo-npm-bower-1-1-2-package /home/kozo/.npm/bower/1.1.2/package
178 verbose lock /home/kozo/.npm/bower/1.1.2/package /home/kozo/.npm/c5783d46-ome-kozo-npm-bower-1-1-2-package.lock
179 silly lockFile c5783d46-ome-kozo-npm-bower-1-1-2-package /home/kozo/.npm/bower/1.1.2/package
180 silly lockFile c5783d46-ome-kozo-npm-bower-1-1-2-package /home/kozo/.npm/bower/1.1.2/package
181 verbose tar unpack /home/kozo/.npm/bower/1.1.2/package.tgz
182 silly lockFile c5783d46-ome-kozo-npm-bower-1-1-2-package /home/kozo/.npm/bower/1.1.2/package
183 verbose lock /home/kozo/.npm/bower/1.1.2/package /home/kozo/.npm/c5783d46-ome-kozo-npm-bower-1-1-2-package.lock
184 silly lockFile c7f6d6ed-kozo-npm-bower-1-1-2-package-tgz /home/kozo/.npm/bower/1.1.2/package.tgz
185 verbose lock /home/kozo/.npm/bower/1.1.2/package.tgz /home/kozo/.npm/c7f6d6ed-kozo-npm-bower-1-1-2-package-tgz.lock
186 silly gunzTarPerm modes [ '755', '644' ]
187 silly gunzTarPerm extractEntry package.json
188 silly gunzTarPerm extractEntry .npmignore
189 silly gunzTarPerm extractEntry README.md
190 silly gunzTarPerm extractEntry LICENSE
191 silly gunzTarPerm extractEntry Gruntfile.js
192 silly gunzTarPerm extractEntry CONTRIBUTING.md
193 silly gunzTarPerm extractEntry .editorconfig
194 silly gunzTarPerm extractEntry .jshintrc
195 silly gunzTarPerm extractEntry .travis.yml
196 silly gunzTarPerm extractEntry bin/bower
197 silly gunzTarPerm extractEntry lib/config.js
198 silly gunzTarPerm extractEntry lib/index.js
199 silly gunzTarPerm extractEntry lib/commands/update.js
200 silly gunzTarPerm extractEntry lib/commands/index.js
201 silly gunzTarPerm extractEntry lib/commands/info.js
202 silly gunzTarPerm extractEntry lib/commands/init.js
203 silly gunzTarPerm extractEntry lib/commands/install.js
204 silly gunzTarPerm extractEntry lib/commands/home.js
205 silly gunzTarPerm extractEntry lib/commands/list.js
206 silly gunzTarPerm extractEntry lib/commands/lookup.js
207 silly gunzTarPerm extractEntry lib/commands/prune.js
208 silly gunzTarPerm extractEntry lib/commands/register.js
209 silly gunzTarPerm extractEntry lib/commands/search.js
210 silly gunzTarPerm extractEntry lib/commands/help.js
211 silly gunzTarPerm extractEntry lib/commands/uninstall.js
212 silly gunzTarPerm extractEntry lib/commands/completion.js
213 silly gunzTarPerm extractEntry lib/commands/link.js
214 silly gunzTarPerm extractEntry lib/commands/cache/clean.js
215 silly gunzTarPerm extractEntry lib/commands/cache/index.js
216 silly gunzTarPerm extractEntry lib/commands/cache/list.js
217 silly gunzTarPerm extractEntry lib/core/Manager.js
218 silly gunzTarPerm extractEntry lib/core/PackageRepository.js
219 silly gunzTarPerm extractEntry lib/core/Project.js
220 silly gunzTarPerm extractEntry lib/core/ResolveCache.js
221 silly gunzTarPerm extractEntry lib/core/resolverFactory.js
222 silly gunzTarPerm extractEntry lib/core/resolvers/FsResolver.js
223 silly gunzTarPerm extractEntry lib/core/resolvers/GitFsResolver.js
224 silly gunzTarPerm extractEntry lib/core/resolvers/GitHubResolver.js
225 silly gunzTarPerm extractEntry lib/core/resolvers/GitRemoteResolver.js
226 silly gunzTarPerm extractEntry lib/core/resolvers/GitResolver.js
227 silly gunzTarPerm extractEntry lib/core/resolvers/Resolver.js
228 silly gunzTarPerm extractEntry lib/core/resolvers/UrlResolver.js
229 silly gunzTarPerm extractEntry lib/core/resolvers/index.js
230 silly gunzTarPerm extractEntry lib/renderers/JsonRenderer.js
231 silly gunzTarPerm extractEntry lib/renderers/StandardRenderer.js
232 silly gunzTarPerm extractEntry lib/renderers/index.js
233 silly gunzTarPerm extractEntry lib/util/cli.js
234 silly gunzTarPerm extractEntry lib/util/copy.js
235 silly gunzTarPerm extractEntry lib/util/createError.js
236 silly gunzTarPerm extractEntry lib/util/download.js
237 silly gunzTarPerm extractEntry lib/util/extract.js
238 silly gunzTarPerm extractEntry lib/util/cmd.js
239 silly gunzTarPerm extractEntry lib/util/readJson.js
240 silly gunzTarPerm extractEntry lib/util/removeIgnores.js
241 silly gunzTarPerm extractEntry lib/util/rootCheck.js
242 silly gunzTarPerm extractEntry lib/util/template.js
243 silly gunzTarPerm extractEntry lib/util/validLink.js
244 silly gunzTarPerm extractEntry lib/util/md5.js
245 silly gunzTarPerm extractEntry CHANGELOG.md
246 silly gunzTarPerm extractEntry templates/helpers/colors.js
247 silly gunzTarPerm extractEntry templates/helpers/condense.js
248 silly gunzTarPerm extractEntry templates/helpers/indent.js
249 silly gunzTarPerm extractEntry templates/helpers/index.js
250 silly gunzTarPerm extractEntry templates/helpers/rpad.js
251 silly gunzTarPerm extractEntry templates/helpers/sum.js
252 silly gunzTarPerm extractEntry templates/json/help-list.json
253 silly gunzTarPerm extractEntry templates/json/help-cache/clean.json
254 silly gunzTarPerm extractEntry templates/json/help-cache/list.json
255 silly gunzTarPerm extractEntry templates/json/help-home.json
256 silly gunzTarPerm extractEntry templates/json/help-info.json
257 silly gunzTarPerm extractEntry templates/json/help-init.json
258 silly gunzTarPerm extractEntry templates/json/help-install.json
259 silly gunzTarPerm extractEntry templates/json/help-link.json
260 silly gunzTarPerm extractEntry templates/json/help-cache.json
261 silly gunzTarPerm extractEntry templates/json/help-lookup.json
262 silly gunzTarPerm extractEntry templates/json/help-prune.json
263 silly gunzTarPerm extractEntry templates/json/help-register.json
264 silly gunzTarPerm extractEntry templates/json/help-search.json
265 silly gunzTarPerm extractEntry templates/json/help-uninstall.json
266 silly gunzTarPerm extractEntry templates/json/help-update.json
267 silly gunzTarPerm extractEntry templates/json/help.json
268 silly gunzTarPerm extractEntry templates/std/conflict-resolved.std
269 silly gunzTarPerm extractEntry templates/std/conflict.std
270 silly gunzTarPerm extractEntry templates/std/help-cache.std
271 silly gunzTarPerm extractEntry templates/std/help-generic.std
272 silly gunzTarPerm extractEntry templates/std/help.std
273 silly gunzTarPerm extractEntry templates/std/info.std
274 silly gunzTarPerm extractEntry templates/std/lookup.std
275 silly gunzTarPerm extractEntry templates/std/register.std
276 silly gunzTarPerm extractEntry templates/std/search-results.std
277 silly gunzTarPerm extractEntry templates/std/update-notice.std
278 silly gunzTarPerm extractEntry test/packages.js
279 silly gunzTarPerm extractEntry test/test.js
280 silly gunzTarPerm extractEntry test/assets/package-tar.tar.gz
281 silly gunzTarPerm extractEntry test/assets/package-zip-folder-single-file.zip
282 silly gunzTarPerm extractEntry test/assets/package-zip-folder.zip
283 silly gunzTarPerm extractEntry test/assets/package-zip-single-bower-json.zip
284 silly gunzTarPerm extractEntry test/assets/package-zip-single-component-json.zip
285 silly gunzTarPerm extractEntry test/assets/package-zip-single-file.zip
286 silly gunzTarPerm extractEntry test/assets/package-zip.zip
287 silly gunzTarPerm extractEntry test/assets/resolve-cache/list-json-1.json
288 silly gunzTarPerm extractEntry test/assets/test-temp-dir/test-exception.js
289 silly gunzTarPerm extractEntry test/assets/test-temp-dir/test.js
290 silly gunzTarPerm extractEntry test/core/packageRepository.js
291 silly gunzTarPerm extractEntry test/core/resolveCache.js
292 silly gunzTarPerm extractEntry test/core/resolverFactory.js
293 silly gunzTarPerm extractEntry test/core/resolvers/fsResolver.js
294 silly gunzTarPerm extractEntry test/core/resolvers/gitFsResolver.js
295 silly gunzTarPerm extractEntry test/core/resolvers/gitHubResolver.js
296 silly gunzTarPerm extractEntry test/core/resolvers/gitRemoteResolver.js
297 silly gunzTarPerm extractEntry test/core/resolvers/gitResolver.js
298 silly gunzTarPerm extractEntry test/core/resolvers/resolver.js
299 silly gunzTarPerm extractEntry test/core/resolvers/urlResolver.js
300 silly gunzTarPerm extractEntry test/packages.json
301 verbose read json /home/kozo/.npm/bower/1.1.2/package/package.json
302 silly lockFile c5783d46-ome-kozo-npm-bower-1-1-2-package /home/kozo/.npm/bower/1.1.2/package
303 silly lockFile c5783d46-ome-kozo-npm-bower-1-1-2-package /home/kozo/.npm/bower/1.1.2/package
304 silly lockFile c7f6d6ed-kozo-npm-bower-1-1-2-package-tgz /home/kozo/.npm/bower/1.1.2/package.tgz
305 silly lockFile c7f6d6ed-kozo-npm-bower-1-1-2-package-tgz /home/kozo/.npm/bower/1.1.2/package.tgz
306 verbose from cache /home/kozo/.npm/bower/1.1.2/package/package.json
307 verbose chmod /home/kozo/.npm/bower/1.1.2/package.tgz 644
308 verbose chown /home/kozo/.npm/bower/1.1.2/package.tgz [ 1000, 1000 ]
309 silly lockFile fa2f5560--npmjs-org-bower-bower-1-1-2-tgz https://registry.npmjs.org/bower/-/bower-1.1.2.tgz
310 silly lockFile fa2f5560--npmjs-org-bower-bower-1-1-2-tgz https://registry.npmjs.org/bower/-/bower-1.1.2.tgz
311 silly lockFile f2a29664-bower-1-1-2 bower@1.1.2
312 silly lockFile f2a29664-bower-1-1-2 bower@1.1.2
313 silly lockFile 1240aab1-bower bower@
314 silly lockFile 1240aab1-bower bower@
315 silly resolved [ { name: 'bower',
315 silly resolved     version: '1.1.2',
315 silly resolved     description: 'The browser package manager.',
315 silly resolved     author: { name: 'Twitter' },
315 silly resolved     licenses: [ [Object] ],
315 silly resolved     repository: { type: 'git', url: 'git://github.com/bower/bower.git' },
315 silly resolved     main: 'lib',
315 silly resolved     homepage: 'http://bower.io',
315 silly resolved     engines: { node: '>=0.8.0' },
315 silly resolved     dependencies:
315 silly resolved      { abbrev: '~1.0.4',
315 silly resolved        archy: '0.0.2',
315 silly resolved        'bower-config': '~0.3.0',
315 silly resolved        'bower-endpoint-parser': '~0.2.0',
315 silly resolved        'bower-json': '~0.3.0',
315 silly resolved        'bower-logger': '~0.1.0',
315 silly resolved        'bower-registry-client': '~0.1.2',
315 silly resolved        cardinal: '~0.4.0',
315 silly resolved        chalk: '~0.2.0',
315 silly resolved        chmodr: '~0.1.0',
315 silly resolved        fstream: '~0.1.22',
315 silly resolved        'fstream-ignore': '~0.0.6',
315 silly resolved        glob: '~3.2.1',
315 silly resolved        'graceful-fs': '~2.0.0',
315 silly resolved        handlebars: '~1.0.11',
315 silly resolved        inquirer: '~0.2.2',
315 silly resolved        junk: '~0.2.0',
315 silly resolved        mkdirp: '~0.3.5',
315 silly resolved        mout: '~0.6.0',
315 silly resolved        nopt: '~2.1.1',
315 silly resolved        'lru-cache': '~2.3.0',
315 silly resolved        open: '~0.0.3',
315 silly resolved        promptly: '~0.2.0',
315 silly resolved        q: '~0.9.2',
315 silly resolved        request: '~2.25.0',
315 silly resolved        'request-progress': '~0.2.0',
315 silly resolved        retry: '~0.6.0',
315 silly resolved        rimraf: '~2.2.0',
315 silly resolved        semver: '~2.1.0',
315 silly resolved        'stringify-object': '~0.1.4',
315 silly resolved        'sudo-block': '~0.2.0',
315 silly resolved        tar: '~0.1.17',
315 silly resolved        tmp: '~0.0.20',
315 silly resolved        unzip: '~0.1.7',
315 silly resolved        'update-notifier': '~0.1.3',
315 silly resolved        which: '~1.0.5' },
315 silly resolved     devDependencies:
315 silly resolved      { 'expect.js': '~0.2.0',
315 silly resolved        grunt: '~0.4.1',
315 silly resolved        'grunt-simple-mocha': '~0.4.0',
315 silly resolved        'grunt-contrib-watch': '~0.5.0',
315 silly resolved        'grunt-contrib-jshint': '~0.6.0',
315 silly resolved        'grunt-exec': '~0.4.2',
315 silly resolved        mocha: '~1.12.0',
315 silly resolved        nock: '~0.22.0',
315 silly resolved        istanbul: '~0.1.42',
315 silly resolved        proxyquire: '~0.4.1' },
315 silly resolved     scripts: { test: 'grunt test' },
315 silly resolved     bin: { bower: 'bin/bower' },
315 silly resolved     preferGlobal: true,
315 silly resolved     readme: '# BOWER [![Build Status](https://secure.travis-ci.org/bower/bower.png?branch=master)](http://travis-ci.org/bower/bower)\n\nBower is a package manager for the web. It offers a generic, unopinionated\nsolution to the problem of **front-end package management**, while exposing the\npackage dependency model via an API that can be consumed by a more opinionated\nbuild stack. There are no system wide dependencies, no dependencies are shared\nbetween different apps, and the dependency tree is flat.\n\nBower runs over Git, and is package-agnostic. A packaged component can be made\nup of any type of asset, and use any type of transport (e.g., AMD, CommonJS,\netc.).\n\n[View all packages available through Bower\'s registry](http://sindresorhus.com/bower-components/).\n\n\n## Installing Bower\n\nBower depends on [Node](http://nodejs.org/) and [npm](http://npmjs.org/). It\'s\ninstalled globally using npm:\n\n```\nnpm install -g bower\n```\n\nAlso make sure that [git](http://git-scm.com/) is installed as some bower\npackages require it to be fetched and installed.\n\n\n## Usage\n\nMuch more information is available via `bower help` once it\'s installed. This\nis just enough to get you started.\n\n#### Warning\n\nOn `prezto` or `oh-my-zsh`, do not forget to `alias bower=\'noglob bower\'` or `bower install jquery\\#1.9.1`\n\n#### Running commands with sudo\n\nBower is a user command, there is no need to execute it with superuser permissions.\nHowever, if you still want to run commands with sudo, use `--allow-root` option.\n\n### Installing packages and dependencies\n\nBower offers several ways to install packages:\n\n```bash\n# Using the dependencies listed in the current directory\'s bower.json\nbower install\n# Using a local or remote package\nbower install <package>\n# Using a specific version of a package\nbower install <package>#<version>\n# Using a different name and a specific version of a package\nbower install <name>=<package>#<version>\n```\n\nWhere `<package>` can be any one of the following:\n\n* A name that maps to a package registered with Bower, e.g, `jquery`. ‡\n* A remote Git endpoint, e.g., `git://github.com/someone/some-package.git`. Can be\n  public or private. ‡\n* A local endpoint, i.e., a folder that\'s a Git repository. ‡\n* A shorthand endpoint, e.g., `someone/some-package` (defaults to GitHub). ‡\n* A URL to a file, including `zip` and `tar` files. Its contents will be\n  extracted.\n\n‡ These types of `<package>` might have versions available. You can specify a\n[semver](http://semver.org/) compatible version to fetch a specific release, and lock the\npackage to that version. You can also use ranges to specify a range of versions.\n\nAll package contents are installed in the `bower_components` directory by default.\nYou should **never** directly modify the contents of this directory.\n\nUsing `bower list` will show all the packages that are installed locally.\n\n**N.B.** If you aren\'t authoring a package that is intended to be consumed by\nothers (e.g., you\'re building a web app), you should always check installed\npackages into source control.\n\n### Finding packages\n\nTo search for packages registered with Bower:\n\n```\nbower search [<name>]\n```\n\nUsing just `bower search` will list all packages in the registry.\n\n### Using packages\n\nThe easiest approach is to use Bower statically, just reference the package\'s\ninstalled components manually using a `script` tag:\n\n```html\n<script src="/bower_components/jquery/index.js"></script>\n```\n\nFor more complex projects, you\'ll probably want to concatenate your scripts or\nuse a module loader. Bower is just a package manager, but there are plenty of\nother tools -- such as [Sprockets](https://github.com/sstephenson/sprockets)\nand [RequireJS](http://requirejs.org/) -- that will help you do this.\n\n### Registering packages\n\nTo register a new package:\n\n* There **must** be a valid manifest JSON in the current working directory.\n* Your package should use [semver](http://semver.org/) Git tags.\n* Your package **must** be available at a Git endpoint (e.g., GitHub); remember\n  to push your Git tags!\n\nThen use the following command:\n\n```\nbower register <my-package-name> <git-endpoint>\n```\n\nThe Bower registry does not have authentication or user management at this point\nin time. It\'s on a first come, first served basis. Think of it like a URL\nshortener. Now anyone can run `bower install <my-package-name>`, and get your\nlibrary installed.\n\nThere is no direct way to unregister a package yet. For now, you can [request a\npackage be unregistered](https://github.com/bower/bower/issues/120).\n\n### Uninstalling packages\n\nTo uninstall a locally installed package:\n\n```\nbower uninstall <package-name>\n```\n\n\n## Configuration\n\nBower can be configured using JSON in a `.bowerrc` file.\n\nThe current spec can be read\n[here](https://docs.google.com/document/d/1APq7oA9tNao1UYWyOm8dKqlRP2blVkROYLZ2fLIjtWc/edit#heading=h.4pzytc1f9j8k)\nin the `Configuration` section.\n\n\n## Defining a package\n\nYou must create a `bower.json` in your project\'s root, and specify all of its\ndependencies. This is similar to Node\'s `package.json`, or Ruby\'s `Gemfile`,\nand is useful for locking down a project\'s dependencies.\n\n*NOTE:* In versions of Bower before 0.9.0 the package metadata file was called\n`component.json` rather than `bower.json`. This has changed to avoid a name\nclash with another tool. You can still use `component.json` for now but it is\ndeprecated and the automatic fallback is likely to be removed in an upcoming\nrelease.\n\nYou can interactively create a `bower.json` with the following command:\n\n```\nbower init\n```\n\nThe `bower.json` defines several options:\n\n* `name` (required): The name of your package.\n* `version`: A semantic version number (see [semver](http://semver.org/)).\n* `main` [string|array]: The primary endpoints of your package.\n* `ignore` [array]: An array of paths not needed in production that you want\n  Bower to ignore when installing your package.\n* `dependencies` [hash]: Packages your package depends upon in production.\n* `devDependencies` [hash]: Development dependencies.\n* `private` [boolean]: Set to true if you want to keep the package private and \n  do not want to register the package in future.\n\n```json\n{\n  "name": "my-project",\n  "version": "1.0.0",\n  "main": "path/to/main.css",\n  "ignore": [\n    ".jshintrc",\n    "**/*.txt"\n  ],\n  "dependencies": {\n    "<name>": "<version>",\n    "<name>": "<folder>",\n    "<name>": "<package>"\n  },\n  "devDependencies": {\n    "<test-framework-name>": "<version>"\n  }\n}\n```\n\n\n## Consuming a package\n\nBower also makes available a source mapping. This can be used by build tools to\neasily consume Bower packages.\n\nIf you pass the `--paths` option to Bower\'s `list` command, you will get a\nsimple path-to-name mapping:\n\n```json\n{\n  "backbone": "bower_components/backbone/index.js",\n  "jquery": "bower_components/jquery/index.js",\n  "underscore": "bower_components/underscore/index.js"\n}\n```\n\nAlternatively, every command supports the `--json` option that makes bower\noutput JSON. Command result is outputted to `stdout` and error/logs to\n`stderr`.\n\n\n## Programmatic API\n\nBower provides a powerful, programmatic API. All commands can be accessed\nthrough the `bower.commands` object.\n\n```js\nvar bower = require(\'bower\');\n\nbower.commands\n.install(paths, options)\n.on(\'end\', function (installed) {\n    console.log(installed);\n});\n\nbower.commands\n.search(\'jquery\', {})\n.on(\'end\', function (results) {\n    console.log(results);\n});\n```\n\nCommands emit three types of events: `log`, `end`, and `error`.\n\n* `log` is emitted to report the state/progress of the command.\n* `error` will only be emitted if something goes wrong.\n* `end` is emitted when the command successfully ends.\n\nFor a better of idea how this works, you may want to check out [our bin\nfile](https://github.com/bower/bower/blob/master/bin/bower).\n\n\n## Completion (experimental)\n\n_NOTE_: Completion is still not implemented for the 1.0.0 release\n\nBower now has an experimental `completion` command that is based on, and works\nsimilarly to the [npm completion](https://npmjs.org/doc/completion.html). It is\nnot available for Windows users.\n\nThis command will output a Bash / ZSH script to put into your `~/.bashrc`,\n`~/.bash_profile`, or `~/.zshrc` file.\n\n```\nbower completion >> ~/.bash_profile\n```\n\n\n## A note for Windows users\n\nTo use Bower on Windows, you must install\n[msysgit](http://code.google.com/p/msysgit/) correctly. Be sure to check the\noption shown below:\n\n![msysgit](http://f.cl.ly/items/2V2O3i1p3R2F1r2v0a12/mysgit.png)\n\nNote that if you use TortoiseGit and if Bower keeps asking for your SSH\npassword, you should add the following environment variable: `GIT_SSH -\nC:\\Program Files\\TortoiseGit\\bin\\TortoisePlink.exe`. Adjust the `TortoisePlink`\npath if needed.\n\n\n## Contact\n\nHave a question?\n\n* [StackOverflow](http://stackoverflow.com/questions/tagged/bower)\n* [Mailinglist](http://groups.google.com/group/twitter-bower) - twitter-bower@googlegroups.com\n* [\\#bower](http://webchat.freenode.net/?channels=bower) on Freenode\n\n\n## Contributing to this project\n\nAnyone and everyone is welcome to contribute. Please take a moment to\nreview the [guidelines for contributing](CONTRIBUTING.md).\n\n* [Bug reports](CONTRIBUTING.md#bugs)\n* [Feature requests](CONTRIBUTING.md#features)\n* [Pull requests](CONTRIBUTING.md#pull-requests)\n\n\n## Authors\n\n* [@fat](https://github.com/fat)\n* [@maccman](https://github.com/maccman)\n* [@satazor](https://github.com/satazor)\n\nThanks for assistance and contributions:\n\n[@addyosmani](https://github.com/addyosmani),\n[@angus-c](https://github.com/angus-c),\n[@borismus](https://github.com/borismus),\n[@carsonmcdonald](https://github.com/carsonmcdonald),\n[@chriseppstein](https://github.com/chriseppstein),\n[@danwrong](https://github.com/danwrong),\n[@davidmaxwaterman](https://github.com/davidmaxwaterman),\n[@desandro](https://github.com/desandro),\n[@hemanth](https://github.com/hemanth),\n[@isaacs](https://github.com/isaacs),\n[@josh](https://github.com/josh),\n[@jrburke](https://github.com/jrburke),\n[@marcelombc](https://github.com/marcelombc),\n[@marcooliveira](https://github.com/marcooliveira),\n[@mklabs](https://github.com/mklabs),\n[@necolas](https://github.com/necolas),\n[@paulirish](https://github.com/paulirish),\n[@richo](https://github.com/richo),\n[@rvagg](https://github.com/rvagg),\n[@sindresorhus](https://github.com/sindresorhus),\n[@SlexAxton](https://github.com/SlexAxton),\n[@sstephenson](https://github.com/sstephenson),\n[@svnlto](https://github.com/svnlto),\n[@tomdale](https://github.com/tomdale),\n[@uzquiano](https://github.com/uzquiano),\n[@visionmedia](https://github.com/visionmedia),\n[@wagenet](https://github.com/wagenet),\n[@wibblymat](https://github.com/wibblymat),\n[@wycats](https://github.com/wycats)\n\n\n## License\n\nCopyright 2012 Twitter, Inc.\n\nLicensed under the MIT License\n',
315 silly resolved     readmeFilename: 'README.md',
315 silly resolved     bugs: { url: 'https://github.com/bower/bower/issues' },
315 silly resolved     _id: 'bower@1.1.2',
315 silly resolved     dist: { shasum: 'ecf093b9cce3d174e7b01651202fdd0839f9f118' },
315 silly resolved     _from: 'bower@',
315 silly resolved     _resolved: 'https://registry.npmjs.org/bower/-/bower-1.1.2.tgz' } ]
316 info install bower@1.1.2 into /usr/lib
317 info installOne bower@1.1.2
318 verbose from cache /home/kozo/.npm/bower/1.1.2/package/package.json
319 info /usr/lib/node_modules/bower unbuild
320 verbose read json /usr/lib/node_modules/bower/package.json
321 verbose tar unpack /home/kozo/.npm/bower/1.1.2/package.tgz
322 silly lockFile f46d670c-usr-lib-node-modules-bower /usr/lib/node_modules/bower
323 verbose lock /usr/lib/node_modules/bower /home/kozo/.npm/f46d670c-usr-lib-node-modules-bower.lock
324 silly lockFile c7f6d6ed-kozo-npm-bower-1-1-2-package-tgz /home/kozo/.npm/bower/1.1.2/package.tgz
325 verbose lock /home/kozo/.npm/bower/1.1.2/package.tgz /home/kozo/.npm/c7f6d6ed-kozo-npm-bower-1-1-2-package-tgz.lock
326 silly gunzTarPerm modes [ '755', '644' ]
327 error Error: EACCES, mkdir '/usr/lib/node_modules/bower'
327 error  { [Error: EACCES, mkdir '/usr/lib/node_modules/bower']
327 error   errno: 3,
327 error   code: 'EACCES',
327 error   path: '/usr/lib/node_modules/bower',
327 error   fstream_type: 'Directory',
327 error   fstream_path: '/usr/lib/node_modules/bower',
327 error   fstream_class: 'DirWriter',
327 error   fstream_stack:
327 error    [ '/usr/lib64/node_modules/npm/node_modules/fstream/lib/dir-writer.js:36:23',
327 error      '/usr/lib64/node_modules/npm/node_modules/mkdirp/index.js:37:53',
327 error      'Object.oncomplete (fs.js:107:15)' ] }
328 error Please try running this command again as root/Administrator.
329 error System Linux 3.6.11-gentoo
330 error command "/usr/bin/node" "/usr/bin/npm" "install" "-g" "bower"
331 error cwd /home/kozo/GoProjects/src/admin/web-client
332 error node -v v0.10.7
333 error npm -v 1.2.21
334 error path /usr/lib/node_modules/bower
335 error fstream_path /usr/lib/node_modules/bower
336 error fstream_type Directory
337 error fstream_class DirWriter
338 error code EACCES
339 error errno 3
340 error stack Error: EACCES, mkdir '/usr/lib/node_modules/bower'
341 error fstream_stack /usr/lib64/node_modules/npm/node_modules/fstream/lib/dir-writer.js:36:23
341 error fstream_stack /usr/lib64/node_modules/npm/node_modules/mkdirp/index.js:37:53
341 error fstream_stack Object.oncomplete (fs.js:107:15)
342 verbose exit [ 3, true ]
